<?xml version="1.0" encoding="UTF-8"?>
<testsuite xmlns:xsi="http://www.w3.org/2001/XMLSchema-instance" xsi:noNamespaceSchemaLocation="https://maven.apache.org/surefire/maven-surefire-plugin/xsd/surefire-test-report-3.0.xsd" version="3.0" name="TestSuite" time="256.544" tests="4" errors="0" skipped="0" failures="0">
  <properties>
[...]
</properties>
  <testcase name="testeSomaSimples" classname="CalculadoraTest" time="21.198">
    <system-out><![CDATA[🚀 Configurando SauceLabs para Calculadora do Google...
📱 Conectando ao SauceLabs...
✅ Conectado ao SauceLabs com sucesso!
🧮 [5.1] Iniciando teste simples de soma...
📱 CalculadoraPage inicializada com sucesso
🧮 Realizando operação: 5 + 3
🧹 Limpando calculadora
🔢 Digitando número: 5
➕ Clicando no botão somar
🔢 Digitando número: 3
= Clicando no botão igual
✅ Operação de soma concluída
📊 Obtendo resultado...
✅ [5.1] Teste simples executado com sucesso: 5 + 3 = 8
]]></system-out>
    <system-err><![CDATA[SLF4J: No SLF4J providers were found.
SLF4J: Defaulting to no-operation (NOP) logger implementation
SLF4J: See https://www.slf4j.org/codes.html#noProviders for further details.
]]></system-err>
  </testcase>
  <testcase name="testeSomaComPageObjectsECSV[5, +, 3, 8](1)" classname="CalculadoraTest" time="21.811">
    <system-out><![CDATA[🔚 Finalizando sessão SauceLabs...
✅ Sessão SauceLabs finalizada!
📄 [5.2] Carregando dados do arquivo CSV...
📄 Tentando ler arquivo CSV: src/test/resources/calculos.csv
📁 Arquivo encontrado no classpath
📋 Cabeçalho CSV: numero1,operacao,numero2,resultado
📊 Linha carregada: 5 | + | 3 | 8
📊 Linha carregada: 10 | + | 7 | 17
📊 Linha carregada: 25 | + | 15 | 40
✅ CSV carregado com sucesso! Total de linhas: 3
📊 [5.2] Carregados 3 casos de teste do CSV
🚀 Configurando SauceLabs para Calculadora do Google...
📱 Conectando ao SauceLabs...
✅ Conectado ao SauceLabs com sucesso!
🔢 [5.2] Executando teste CSV: 5 + 3 = ?
📱 CalculadoraPage inicializada com sucesso
🧮 Realizando operação: 5 + 3
🧹 Limpando calculadora
🔢 Digitando número: 5
➕ Clicando no botão somar
🔢 Digitando número: 3
= Clicando no botão igual
✅ Operação de soma concluída
📊 Obtendo resultado...
✅ [5.2] Teste CSV executado: 5 + 3 = 8
]]></system-out>
  </testcase>
  <testcase name="testeSomaComPageObjectsECSV[10, +, 7, 17](2)" classname="CalculadoraTest" time="25.797">
    <system-out><![CDATA[🔚 Finalizando sessão SauceLabs...
✅ Sessão SauceLabs finalizada!
🚀 Configurando SauceLabs para Calculadora do Google...
📱 Conectando ao SauceLabs...
✅ Conectado ao SauceLabs com sucesso!
🔢 [5.2] Executando teste CSV: 10 + 7 = ?
📱 CalculadoraPage inicializada com sucesso
🧮 Realizando operação: 10 + 7
🧹 Limpando calculadora
🔢 Digitando número: 10
➕ Clicando no botão somar
🔢 Digitando número: 7
= Clicando no botão igual
✅ Operação de soma concluída
📊 Obtendo resultado...
✅ [5.2] Teste CSV executado: 10 + 7 = 17
]]></system-out>
  </testcase>
  <testcase name="testeSomaComPageObjectsECSV[25, +, 15, 40](3)" classname="CalculadoraTest" time="29.491">
    <system-out><![CDATA[🔚 Finalizando sessão SauceLabs...
✅ Sessão SauceLabs finalizada!
🚀 Configurando SauceLabs para Calculadora do Google...
📱 Conectando ao SauceLabs...
✅ Conectado ao SauceLabs com sucesso!
🔢 [5.2] Executando teste CSV: 25 + 15 = ?
📱 CalculadoraPage inicializada com sucesso
🧮 Realizando operação: 25 + 15
🧹 Limpando calculadora
🔢 Digitando número: 25
➕ Clicando no botão somar
🔢 Digitando número: 15
= Clicando no botão igual
✅ Operação de soma concluída
📊 Obtendo resultado...
✅ [5.2] Teste CSV executado: 25 + 15 = 40
]]></system-out>
  </testcase>
</testsuite>