<?xml version="1.0" encoding="UTF-8"?>
<testng-results ignored="0" total="4" passed="4" failed="0" skipped="0">
  <reporter-output>
  </reporter-output>
  <suite started-at="2025-10-01T23:35:27 BRT" name="Surefire suite" finished-at="2025-10-01T23:39:44 BRT" duration-ms="256238">
    <groups>
    </groups>
    <test started-at="2025-10-01T23:35:27 BRT" name="Surefire test" finished-at="2025-10-01T23:39:44 BRT" duration-ms="256238">
      <class name="CalculadoraTest">
        <test-method is-config="true" signature="setUp()[pri:0, instance:CalculadoraTest@2928854b]" started-at="2025-10-01T23:35:27 BRT" name="setUp" finished-at="2025-10-01T23:36:02 BRT" duration-ms="35031" status="PASS">
          <reporter-output>
          </reporter-output>
        </test-method> <!-- setUp -->
        <test-method signature="testeSomaSimples()[pri:1, instance:CalculadoraTest@2928854b]" started-at="2025-10-01T23:36:02 BRT" name="testeSomaSimples" description="5.1 - Teste simples de soma: 5 + 3 = 8" finished-at="2025-10-01T23:36:24 BRT" duration-ms="21197" status="PASS">
          <reporter-output>
          </reporter-output>
        </test-method> <!-- testeSomaSimples -->
        <test-method is-config="true" signature="tearDown()[pri:0, instance:CalculadoraTest@2928854b]" started-at="2025-10-01T23:36:24 BRT" name="tearDown" finished-at="2025-10-01T23:36:26 BRT" duration-ms="2763" status="PASS">
          <reporter-output>
          </reporter-output>
        </test-method> <!-- tearDown -->
        <test-method is-config="true" signature="setUp()[pri:0, instance:CalculadoraTest@2928854b]" started-at="2025-10-01T23:36:26 BRT" name="setUp" finished-at="2025-10-01T23:37:06 BRT" duration-ms="39317" status="PASS">
          <reporter-output>
          </reporter-output>
        </test-method> <!-- setUp -->
        <test-method signature="testeSomaComPageObjectsECSV(java.lang.String,java.lang.String,java.lang.String,java.lang.String)[pri:2, instance:CalculadoraTest@2928854b]" started-at="2025-10-01T23:37:06 BRT" name="testeSomaComPageObjectsECSV" description="5.2 - Testes organizados em Page Objects com dados do CSV" data-provider="dadosCalculadora" finished-at="2025-10-01T23:37:28 BRT" duration-ms="21811" status="PASS">
          <params>
            <param index="0">
              <value>
                <![CDATA[5]]>
              </value>
            </param>
            <param index="1">
              <value>
                <![CDATA[+]]>
              </value>
            </param>
            <param index="2">
              <value>
                <![CDATA[3]]>
              </value>
            </param>
            <param index="3">
              <value>
                <![CDATA[8]]>
              </value>
            </param>
          </params>
          <reporter-output>
          </reporter-output>
        </test-method> <!-- testeSomaComPageObjectsECSV -->
        <test-method is-config="true" signature="tearDown()[pri:0, instance:CalculadoraTest@2928854b]" started-at="2025-10-01T23:37:28 BRT" name="tearDown" finished-at="2025-10-01T23:37:30 BRT" duration-ms="2453" status="PASS">
          <reporter-output>
          </reporter-output>
        </test-method> <!-- tearDown -->
        <test-method is-config="true" signature="setUp()[pri:0, instance:CalculadoraTest@2928854b]" started-at="2025-10-01T23:37:30 BRT" name="setUp" finished-at="2025-10-01T23:38:04 BRT" duration-ms="34404" status="PASS">
          <reporter-output>
          </reporter-output>
        </test-method> <!-- setUp -->
        <test-method signature="testeSomaComPageObjectsECSV(java.lang.String,java.lang.String,java.lang.String,java.lang.String)[pri:2, instance:CalculadoraTest@2928854b]" started-at="2025-10-01T23:38:04 BRT" name="testeSomaComPageObjectsECSV" description="5.2 - Testes organizados em Page Objects com dados do CSV" data-provider="dadosCalculadora" finished-at="2025-10-01T23:38:30 BRT" duration-ms="25797" status="PASS">
          <params>
            <param index="0">
              <value>
                <![CDATA[10]]>
              </value>
            </param>
            <param index="1">
              <value>
                <![CDATA[+]]>
              </value>
            </param>
            <param index="2">
              <value>
                <![CDATA[7]]>
              </value>
            </param>
            <param index="3">
              <value>
                <![CDATA[17]]>
              </value>
            </param>
          </params>
          <reporter-output>
          </reporter-output>
        </test-method> <!-- testeSomaComPageObjectsECSV -->
        <test-method is-config="true" signature="tearDown()[pri:0, instance:CalculadoraTest@2928854b]" started-at="2025-10-01T23:38:30 BRT" name="tearDown" finished-at="2025-10-01T23:38:33 BRT" duration-ms="2471" status="PASS">
          <reporter-output>
          </reporter-output>
        </test-method> <!-- tearDown -->
        <test-method is-config="true" signature="setUp()[pri:0, instance:CalculadoraTest@2928854b]" started-at="2025-10-01T23:38:33 BRT" name="setUp" finished-at="2025-10-01T23:39:11 BRT" duration-ms="38701" status="PASS">
          <reporter-output>
          </reporter-output>
        </test-method> <!-- setUp -->
        <test-method signature="testeSomaComPageObjectsECSV(java.lang.String,java.lang.String,java.lang.String,java.lang.String)[pri:2, instance:CalculadoraTest@2928854b]" started-at="2025-10-01T23:39:11 BRT" name="testeSomaComPageObjectsECSV" description="5.2 - Testes organizados em Page Objects com dados do CSV" data-provider="dadosCalculadora" finished-at="2025-10-01T23:39:41 BRT" duration-ms="29491" status="PASS">
          <params>
            <param index="0">
              <value>
                <![CDATA[25]]>
              </value>
            </param>
            <param index="1">
              <value>
                <![CDATA[+]]>
              </value>
            </param>
            <param index="2">
              <value>
                <![CDATA[15]]>
              </value>
            </param>
            <param index="3">
              <value>
                <![CDATA[40]]>
              </value>
            </param>
          </params>
          <reporter-output>
          </reporter-output>
        </test-method> <!-- testeSomaComPageObjectsECSV -->
        <test-method is-config="true" signature="tearDown()[pri:0, instance:CalculadoraTest@2928854b]" started-at="2025-10-01T23:39:41 BRT" name="tearDown" finished-at="2025-10-01T23:39:44 BRT" duration-ms="2765" status="PASS">
          <reporter-output>
          </reporter-output>
        </test-method> <!-- tearDown -->
      </class> <!-- CalculadoraTest -->
    </test> <!-- Surefire test -->
  </suite> <!-- Surefire suite -->
</testng-results>
