<?xml version="1.0" encoding="UTF-8"?>
<testsuite xmlns:xsi="http://www.w3.org/2001/XMLSchema-instance" xsi:noNamespaceSchemaLocation="https://maven.apache.org/surefire/maven-surefire-plugin/xsd/surefire-test-report-3.0.xsd" version="3.0" name="CalculadoraTest" time="264.458" tests="4" errors="0" skipped="0" failures="0">
  <properties>
[...]
</properties>
  <testcase name="testeCalculadoraSubtracao" classname="CalculadoraTest" time="63.945"/>
  <testcase name="testeCalculadoraSoma" classname="CalculadoraTest" time="65.126"/>
  <testcase name="testeCalculadoraMultiplicacao" classname="CalculadoraTest" time="71.09"/>
  <testcase name="testeCalculadoraDivisao" classname="CalculadoraTest" time="64.284"/>
</testsuite>