<?xml version="1.0" encoding="UTF-8"?>
<testng-results ignored="0" total="4" passed="4" failed="0" skipped="0">
  <reporter-output>
  </reporter-output>
  <suite started-at="2025-10-01T23:29:12 BRT" name="Surefire suite" finished-at="2025-10-01T23:33:38 BRT" duration-ms="265481">
    <groups>
    </groups>
    <test started-at="2025-10-01T23:29:12 BRT" name="Surefire test" finished-at="2025-10-01T23:33:38 BRT" duration-ms="265481">
      <class name="CalculadoraTest">
        <test-method is-config="true" signature="setUp()[pri:0, instance:CalculadoraTest@2928854b]" started-at="2025-10-01T23:29:12 BRT" name="setUp" finished-at="2025-10-01T23:29:50 BRT" duration-ms="37530" status="PASS">
          <reporter-output>
          </reporter-output>
        </test-method> <!-- setUp -->
        <test-method signature="testeSomaSimples()[pri:1, instance:CalculadoraTest@2928854b]" started-at="2025-10-01T23:29:50 BRT" name="testeSomaSimples" description="5.1 - Teste simples de soma: 5 + 3 = 8" finished-at="2025-10-01T23:30:12 BRT" duration-ms="22200" status="PASS">
          <reporter-output>
          </reporter-output>
        </test-method> <!-- testeSomaSimples -->
        <test-method is-config="true" signature="tearDown()[pri:0, instance:CalculadoraTest@2928854b]" started-at="2025-10-01T23:30:12 BRT" name="tearDown" finished-at="2025-10-01T23:30:15 BRT" duration-ms="2661" status="PASS">
          <reporter-output>
          </reporter-output>
        </test-method> <!-- tearDown -->
        <test-method is-config="true" signature="setUp()[pri:0, instance:CalculadoraTest@2928854b]" started-at="2025-10-01T23:30:15 BRT" name="setUp" finished-at="2025-10-01T23:30:55 BRT" duration-ms="40239" status="PASS">
          <reporter-output>
          </reporter-output>
        </test-method> <!-- setUp -->
        <test-method signature="testeSomaComPageObjectsECSV(java.lang.String,java.lang.String,java.lang.String,java.lang.String)[pri:2, instance:CalculadoraTest@2928854b]" started-at="2025-10-01T23:30:55 BRT" name="testeSomaComPageObjectsECSV" description="5.2 - Testes organizados em Page Objects com dados do CSV" data-provider="dadosCalculadora" finished-at="2025-10-01T23:31:17 BRT" duration-ms="21747" status="PASS">
          <params>
            <param index="0">
              <value>
                <![CDATA[5]]>
              </value>
            </param>
            <param index="1">
              <value>
                <![CDATA[+]]>
              </value>
            </param>
            <param index="2">
              <value>
                <![CDATA[3]]>
              </value>
            </param>
            <param index="3">
              <value>
                <![CDATA[8]]>
              </value>
            </param>
          </params>
          <reporter-output>
          </reporter-output>
        </test-method> <!-- testeSomaComPageObjectsECSV -->
        <test-method is-config="true" signature="tearDown()[pri:0, instance:CalculadoraTest@2928854b]" started-at="2025-10-01T23:31:17 BRT" name="tearDown" finished-at="2025-10-01T23:31:19 BRT" duration-ms="2516" status="PASS">
          <reporter-output>
          </reporter-output>
        </test-method> <!-- tearDown -->
        <test-method is-config="true" signature="setUp()[pri:0, instance:CalculadoraTest@2928854b]" started-at="2025-10-01T23:31:19 BRT" name="setUp" finished-at="2025-10-01T23:31:59 BRT" duration-ms="39936" status="PASS">
          <reporter-output>
          </reporter-output>
        </test-method> <!-- setUp -->
        <test-method signature="testeSomaComPageObjectsECSV(java.lang.String,java.lang.String,java.lang.String,java.lang.String)[pri:2, instance:CalculadoraTest@2928854b]" started-at="2025-10-01T23:31:59 BRT" name="testeSomaComPageObjectsECSV" description="5.2 - Testes organizados em Page Objects com dados do CSV" data-provider="dadosCalculadora" finished-at="2025-10-01T23:32:25 BRT" duration-ms="26118" status="PASS">
          <params>
            <param index="0">
              <value>
                <![CDATA[10]]>
              </value>
            </param>
            <param index="1">
              <value>
                <![CDATA[+]]>
              </value>
            </param>
            <param index="2">
              <value>
                <![CDATA[7]]>
              </value>
            </param>
            <param index="3">
              <value>
                <![CDATA[17]]>
              </value>
            </param>
          </params>
          <reporter-output>
          </reporter-output>
        </test-method> <!-- testeSomaComPageObjectsECSV -->
        <test-method is-config="true" signature="tearDown()[pri:0, instance:CalculadoraTest@2928854b]" started-at="2025-10-01T23:32:25 BRT" name="tearDown" finished-at="2025-10-01T23:32:28 BRT" duration-ms="2763" status="PASS">
          <reporter-output>
          </reporter-output>
        </test-method> <!-- tearDown -->
        <test-method is-config="true" signature="setUp()[pri:0, instance:CalculadoraTest@2928854b]" started-at="2025-10-01T23:32:28 BRT" name="setUp" finished-at="2025-10-01T23:33:06 BRT" duration-ms="38093" status="PASS">
          <reporter-output>
          </reporter-output>
        </test-method> <!-- setUp -->
        <test-method signature="testeSomaComPageObjectsECSV(java.lang.String,java.lang.String,java.lang.String,java.lang.String)[pri:2, instance:CalculadoraTest@2928854b]" started-at="2025-10-01T23:33:06 BRT" name="testeSomaComPageObjectsECSV" description="5.2 - Testes organizados em Page Objects com dados do CSV" data-provider="dadosCalculadora" finished-at="2025-10-01T23:33:35 BRT" duration-ms="28615" status="PASS">
          <params>
            <param index="0">
              <value>
                <![CDATA[25]]>
              </value>
            </param>
            <param index="1">
              <value>
                <![CDATA[+]]>
              </value>
            </param>
            <param index="2">
              <value>
                <![CDATA[15]]>
              </value>
            </param>
            <param index="3">
              <value>
                <![CDATA[40]]>
              </value>
            </param>
          </params>
          <reporter-output>
          </reporter-output>
        </test-method> <!-- testeSomaComPageObjectsECSV -->
        <test-method is-config="true" signature="tearDown()[pri:0, instance:CalculadoraTest@2928854b]" started-at="2025-10-01T23:33:35 BRT" name="tearDown" finished-at="2025-10-01T23:33:38 BRT" duration-ms="3036" status="PASS">
          <reporter-output>
          </reporter-output>
        </test-method> <!-- tearDown -->
      </class> <!-- CalculadoraTest -->
    </test> <!-- Surefire test -->
  </suite> <!-- Surefire suite -->
</testng-results>
