<?xml version="1.0" encoding="UTF-8"?>
<testsuite xmlns:xsi="http://www.w3.org/2001/XMLSchema-instance" xsi:noNamespaceSchemaLocation="https://maven.apache.org/surefire/maven-surefire-plugin/xsd/surefire-test-report-3.0.xsd" version="3.0" name="TestSuite" time="2.793" tests="12" errors="0" skipped="11" failures="1">
  <properties>
[...]
</properties>
  <testcase name="setUp" classname="CalculadoraTest" time="2.649">
    <failure message="Could not start a new session. Response code 400. Message: Verification failed for: storage:filename=Calculator_8.4 (503542421)_Apkpure.apk - File is not available. Make sure the file is in App Storage and you have access permissions to it before retrying. If you have confirmed you have access to the file in App Storage and you continue to get this error, contact help@saucelabs.com for support. [Trace: XXXXXXXX-XXXX-XXXX-XXXX-XXXX65319e6f] &#10;Host info: host: &apos;danillo&apos;, ip: &apos;192.168.15.23&apos;&#10;Build info: version: &apos;4.13.0&apos;, revision: &apos;ba948ece5b*&apos;&#10;System info: os.name: &apos;Linux&apos;, os.arch: &apos;amd64&apos;, os.version: &apos;6.14.0-33-generic&apos;, java.version: &apos;17.0.9&apos;&#10;Driver info: io.appium.java_client.android.AndroidDriver&#10;Command: [null, newSession {capabilities=[{appium:app=storage:filename=Calculator_8.4 (503542421)_Apkpure.apk, appium:automationName=UiAutomator2, appium:deviceName=Google Pixel 3 GoogleAPI Emulator, appium:platformVersion=9.0, platformName=ANDROID, sauce:options={accessKey=49d13ae3-a890-47ed-813b-6ab9262151c7, build=Calculadora Google - Teste Mobile v1.0, name=Testes de Soma com Page Objects e CSV, deviceOrientation=portrait, username=oauth-danillo-75a98}}], desiredCapabilities=Capabilities {app: storage:filename=Calculator..., appium:automationName: UiAutomator2, appium:deviceName: Google Pixel 3 GoogleAPI Em..., appium:platformVersion: 9.0, platformName: ANDROID, sauce:options: {accessKey: 49d13ae3-a890-47ed-813b-6ab..., build: Calculadora Google - Teste ..., deviceOrientation: portrait, name: Testes de Soma com Page Obj..., username: oauth-danillo-75a98}}}]&#10;Capabilities {app: storage:filename=Calculator..., appium:automationName: UiAutomator2, appium:deviceName: Google Pixel 3 GoogleAPI Em..., appium:platformVersion: 9.0, platformName: ANDROID, sauce:options: {accessKey: 49d13ae3-a890-47ed-813b-6ab..., build: Calculadora Google - Teste ..., deviceOrientation: portrait, name: Testes de Soma com Page Obj..., username: oauth-danillo-75a98}}" type="org.openqa.selenium.SessionNotCreatedException"><![CDATA[org.openqa.selenium.SessionNotCreatedException: 
Could not start a new session. Response code 400. Message: Verification failed for: storage:filename=Calculator_8.4 (503542421)_Apkpure.apk - File is not available. Make sure the file is in App Storage and you have access permissions to it before retrying. If you have confirmed you have access to the file in App Storage and you continue to get this error, contact help@saucelabs.com for support. [Trace: XXXXXXXX-XXXX-XXXX-XXXX-XXXX65319e6f] 
Host info: host: 'danillo', ip: '192.168.15.23'
Build info: version: '4.13.0', revision: 'ba948ece5b*'
System info: os.name: 'Linux', os.arch: 'amd64', os.version: '6.14.0-33-generic', java.version: '17.0.9'
Driver info: io.appium.java_client.android.AndroidDriver
Command: [null, newSession {capabilities=[{appium:app=storage:filename=Calculator_8.4 (503542421)_Apkpure.apk, appium:automationName=UiAutomator2, appium:deviceName=Google Pixel 3 GoogleAPI Emulator, appium:platformVersion=9.0, platformName=ANDROID, sauce:options={accessKey=49d13ae3-a890-47ed-813b-6ab9262151c7, build=Calculadora Google - Teste Mobile v1.0, name=Testes de Soma com Page Objects e CSV, deviceOrientation=portrait, username=oauth-danillo-75a98}}], desiredCapabilities=Capabilities {app: storage:filename=Calculator..., appium:automationName: UiAutomator2, appium:deviceName: Google Pixel 3 GoogleAPI Em..., appium:platformVersion: 9.0, platformName: ANDROID, sauce:options: {accessKey: 49d13ae3-a890-47ed-813b-6ab..., build: Calculadora Google - Teste ..., deviceOrientation: portrait, name: Testes de Soma com Page Obj..., username: oauth-danillo-75a98}}}]
Capabilities {app: storage:filename=Calculator..., appium:automationName: UiAutomator2, appium:deviceName: Google Pixel 3 GoogleAPI Em..., appium:platformVersion: 9.0, platformName: ANDROID, sauce:options: {accessKey: 49d13ae3-a890-47ed-813b-6ab..., build: Calculadora Google - Teste ..., deviceOrientation: portrait, name: Testes de Soma com Page Obj..., username: oauth-danillo-75a98}}
	at org.openqa.selenium.remote.ProtocolHandshake.createSession(ProtocolHandshake.java:140)
	at java.base/jdk.internal.reflect.NativeMethodAccessorImpl.invoke0(Native Method)
	at java.base/jdk.internal.reflect.NativeMethodAccessorImpl.invoke(NativeMethodAccessorImpl.java:77)
	at java.base/jdk.internal.reflect.DelegatingMethodAccessorImpl.invoke(DelegatingMethodAccessorImpl.java:43)
	at java.base/java.lang.reflect.Method.invoke(Method.java:568)
	at io.appium.java_client.remote.AppiumProtocolHandshake.createSession(AppiumProtocolHandshake.java:133)
	at io.appium.java_client.remote.AppiumProtocolHandshake.createSession(AppiumProtocolHandshake.java:102)
	at io.appium.java_client.remote.AppiumCommandExecutor.createSession(AppiumCommandExecutor.java:182)
	at io.appium.java_client.remote.AppiumCommandExecutor.execute(AppiumCommandExecutor.java:250)
	at org.openqa.selenium.remote.RemoteWebDriver.execute(RemoteWebDriver.java:602)
	at io.appium.java_client.AppiumDriver.startSession(AppiumDriver.java:274)
	at org.openqa.selenium.remote.RemoteWebDriver.<init>(RemoteWebDriver.java:163)
	at io.appium.java_client.AppiumDriver.<init>(AppiumDriver.java:89)
	at io.appium.java_client.AppiumDriver.<init>(AppiumDriver.java:101)
	at io.appium.java_client.android.AndroidDriver.<init>(AndroidDriver.java:113)
	at base.BaseTest.setUp(BaseTest.java:41)
	at java.base/jdk.internal.reflect.NativeMethodAccessorImpl.invoke0(Native Method)
	at java.base/jdk.internal.reflect.NativeMethodAccessorImpl.invoke(NativeMethodAccessorImpl.java:77)
	at java.base/jdk.internal.reflect.DelegatingMethodAccessorImpl.invoke(DelegatingMethodAccessorImpl.java:43)
	at java.base/java.lang.reflect.Method.invoke(Method.java:568)
	at org.testng.internal.invokers.MethodInvocationHelper.invokeMethod(MethodInvocationHelper.java:139)
	at org.testng.internal.invokers.MethodInvocationHelper.invokeMethodConsideringTimeout(MethodInvocationHelper.java:69)
	at org.testng.internal.invokers.ConfigInvoker.invokeConfigurationMethod(ConfigInvoker.java:390)
	at org.testng.internal.invokers.ConfigInvoker.invokeConfigurations(ConfigInvoker.java:325)
	at org.testng.internal.invokers.TestInvoker.runConfigMethods(TestInvoker.java:810)
	at org.testng.internal.invokers.TestInvoker.invokeMethod(TestInvoker.java:577)
	at org.testng.internal.invokers.TestInvoker.invokeTestMethod(TestInvoker.java:227)
	at org.testng.internal.invokers.MethodRunner.runInSequence(MethodRunner.java:50)
	at org.testng.internal.invokers.TestInvoker$MethodInvocationAgent.invoke(TestInvoker.java:957)
	at org.testng.internal.invokers.TestInvoker.invokeTestMethods(TestInvoker.java:200)
	at org.testng.internal.invokers.TestMethodWorker.invokeTestMethods(TestMethodWorker.java:148)
	at org.testng.internal.invokers.TestMethodWorker.run(TestMethodWorker.java:128)
	at java.base/java.util.ArrayList.forEach(ArrayList.java:1511)
	at org.testng.TestRunner.privateRun(TestRunner.java:848)
	at org.testng.TestRunner.run(TestRunner.java:621)
	at org.testng.SuiteRunner.runTest(SuiteRunner.java:443)
	at org.testng.SuiteRunner.runSequentially(SuiteRunner.java:437)
	at org.testng.SuiteRunner.privateRun(SuiteRunner.java:397)
	at org.testng.SuiteRunner.run(SuiteRunner.java:336)
	at org.testng.SuiteRunnerWorker.runSuite(SuiteRunnerWorker.java:52)
	at org.testng.SuiteRunnerWorker.run(SuiteRunnerWorker.java:95)
	at org.testng.TestNG.runSuitesSequentially(TestNG.java:1280)
	at org.testng.TestNG.runSuitesLocally(TestNG.java:1200)
	at org.testng.TestNG.runSuites(TestNG.java:1114)
	at org.testng.TestNG.run(TestNG.java:1082)
	at org.apache.maven.surefire.testng.TestNGExecutor.run(TestNGExecutor.java:151)
	at org.apache.maven.surefire.testng.TestNGDirectoryTestSuite.executeMulti(TestNGDirectoryTestSuite.java:192)
	at org.apache.maven.surefire.testng.TestNGDirectoryTestSuite.execute(TestNGDirectoryTestSuite.java:93)
	at org.apache.maven.surefire.testng.TestNGProvider.invoke(TestNGProvider.java:155)
	at org.apache.maven.surefire.booter.ForkedBooter.runSuitesInProcess(ForkedBooter.java:456)
	at org.apache.maven.surefire.booter.ForkedBooter.execute(ForkedBooter.java:169)
	at org.apache.maven.surefire.booter.ForkedBooter.run(ForkedBooter.java:595)
	at org.apache.maven.surefire.booter.ForkedBooter.main(ForkedBooter.java:581)
]]></failure>
    <system-out><![CDATA[🚀 Configurando SauceLabs para Calculadora do Google...
📱 Conectando ao SauceLabs...
]]></system-out>
    <system-err><![CDATA[SLF4J: No SLF4J providers were found.
SLF4J: Defaulting to no-operation (NOP) logger implementation
SLF4J: See https://www.slf4j.org/codes.html#noProviders for further details.
]]></system-err>
  </testcase>
  <testcase name="setUp" classname="CalculadoraTest" time="0">
    <skipped/>
    <system-out><![CDATA[📄 [5.2] Carregando dados do arquivo CSV...
📄 Tentando ler arquivo CSV: src/test/resources/calculos.csv
📁 Arquivo encontrado no classpath
📋 Cabeçalho CSV: numero1,operacao,numero2,resultado
📊 Linha carregada: 5 | + | 3 | 8
📊 Linha carregada: 10 | + | 7 | 17
📊 Linha carregada: 25 | + | 15 | 40
✅ CSV carregado com sucesso! Total de linhas: 3
📊 [5.2] Carregados 3 casos de teste do CSV
]]></system-out>
  </testcase>
  <testcase name="setUp" classname="CalculadoraTest" time="0">
    <skipped/>
  </testcase>
  <testcase name="setUp" classname="CalculadoraTest" time="0">
    <skipped/>
  </testcase>
  <testcase name="testeSomaSimples" classname="CalculadoraTest" time="0">
    <skipped message="Could not start a new session. Response code 400. Message: Verification failed for: storage:filename=Calculator_8.4 (503542421)_Apkpure.apk - File is not available. Make sure the file is in App Storage and you have access permissions to it before retrying. If you have confirmed you have access to the file in App Storage and you continue to get this error, contact help@saucelabs.com for support. [Trace: XXXXXXXX-XXXX-XXXX-XXXX-XXXX65319e6f] &#10;Host info: host: &apos;danillo&apos;, ip: &apos;192.168.15.23&apos;&#10;Build info: version: &apos;4.13.0&apos;, revision: &apos;ba948ece5b*&apos;&#10;System info: os.name: &apos;Linux&apos;, os.arch: &apos;amd64&apos;, os.version: &apos;6.14.0-33-generic&apos;, java.version: &apos;17.0.9&apos;&#10;Driver info: io.appium.java_client.android.AndroidDriver&#10;Command: [null, newSession {capabilities=[{appium:app=storage:filename=Calculator_8.4 (503542421)_Apkpure.apk, appium:automationName=UiAutomator2, appium:deviceName=Google Pixel 3 GoogleAPI Emulator, appium:platformVersion=9.0, platformName=ANDROID, sauce:options={accessKey=49d13ae3-a890-47ed-813b-6ab9262151c7, build=Calculadora Google - Teste Mobile v1.0, name=Testes de Soma com Page Objects e CSV, deviceOrientation=portrait, username=oauth-danillo-75a98}}], desiredCapabilities=Capabilities {app: storage:filename=Calculator..., appium:automationName: UiAutomator2, appium:deviceName: Google Pixel 3 GoogleAPI Em..., appium:platformVersion: 9.0, platformName: ANDROID, sauce:options: {accessKey: 49d13ae3-a890-47ed-813b-6ab..., build: Calculadora Google - Teste ..., deviceOrientation: portrait, name: Testes de Soma com Page Obj..., username: oauth-danillo-75a98}}}]&#10;Capabilities {app: storage:filename=Calculator..., appium:automationName: UiAutomator2, appium:deviceName: Google Pixel 3 GoogleAPI Em..., appium:platformVersion: 9.0, platformName: ANDROID, sauce:options: {accessKey: 49d13ae3-a890-47ed-813b-6ab..., build: Calculadora Google - Teste ..., deviceOrientation: portrait, name: Testes de Soma com Page Obj..., username: oauth-danillo-75a98}}"/>
  </testcase>
  <testcase name="tearDown" classname="CalculadoraTest" time="0">
    <skipped/>
  </testcase>
  <testcase name="tearDown" classname="CalculadoraTest" time="0">
    <skipped/>
  </testcase>
  <testcase name="tearDown" classname="CalculadoraTest" time="0">
    <skipped/>
  </testcase>
  <testcase name="tearDown" classname="CalculadoraTest" time="0">
    <skipped/>
  </testcase>
  <testcase name="testeSomaComPageObjectsECSV[5, +, 3, 8](1)" classname="CalculadoraTest" time="0">
    <skipped message="Could not start a new session. Response code 400. Message: Verification failed for: storage:filename=Calculator_8.4 (503542421)_Apkpure.apk - File is not available. Make sure the file is in App Storage and you have access permissions to it before retrying. If you have confirmed you have access to the file in App Storage and you continue to get this error, contact help@saucelabs.com for support. [Trace: XXXXXXXX-XXXX-XXXX-XXXX-XXXX65319e6f] &#10;Host info: host: &apos;danillo&apos;, ip: &apos;192.168.15.23&apos;&#10;Build info: version: &apos;4.13.0&apos;, revision: &apos;ba948ece5b*&apos;&#10;System info: os.name: &apos;Linux&apos;, os.arch: &apos;amd64&apos;, os.version: &apos;6.14.0-33-generic&apos;, java.version: &apos;17.0.9&apos;&#10;Driver info: io.appium.java_client.android.AndroidDriver&#10;Command: [null, newSession {capabilities=[{appium:app=storage:filename=Calculator_8.4 (503542421)_Apkpure.apk, appium:automationName=UiAutomator2, appium:deviceName=Google Pixel 3 GoogleAPI Emulator, appium:platformVersion=9.0, platformName=ANDROID, sauce:options={accessKey=49d13ae3-a890-47ed-813b-6ab9262151c7, build=Calculadora Google - Teste Mobile v1.0, name=Testes de Soma com Page Objects e CSV, deviceOrientation=portrait, username=oauth-danillo-75a98}}], desiredCapabilities=Capabilities {app: storage:filename=Calculator..., appium:automationName: UiAutomator2, appium:deviceName: Google Pixel 3 GoogleAPI Em..., appium:platformVersion: 9.0, platformName: ANDROID, sauce:options: {accessKey: 49d13ae3-a890-47ed-813b-6ab..., build: Calculadora Google - Teste ..., deviceOrientation: portrait, name: Testes de Soma com Page Obj..., username: oauth-danillo-75a98}}}]&#10;Capabilities {app: storage:filename=Calculator..., appium:automationName: UiAutomator2, appium:deviceName: Google Pixel 3 GoogleAPI Em..., appium:platformVersion: 9.0, platformName: ANDROID, sauce:options: {accessKey: 49d13ae3-a890-47ed-813b-6ab..., build: Calculadora Google - Teste ..., deviceOrientation: portrait, name: Testes de Soma com Page Obj..., username: oauth-danillo-75a98}}"/>
  </testcase>
  <testcase name="testeSomaComPageObjectsECSV[10, +, 7, 17](2)" classname="CalculadoraTest" time="0">
    <skipped message="Could not start a new session. Response code 400. Message: Verification failed for: storage:filename=Calculator_8.4 (503542421)_Apkpure.apk - File is not available. Make sure the file is in App Storage and you have access permissions to it before retrying. If you have confirmed you have access to the file in App Storage and you continue to get this error, contact help@saucelabs.com for support. [Trace: XXXXXXXX-XXXX-XXXX-XXXX-XXXX65319e6f] &#10;Host info: host: &apos;danillo&apos;, ip: &apos;192.168.15.23&apos;&#10;Build info: version: &apos;4.13.0&apos;, revision: &apos;ba948ece5b*&apos;&#10;System info: os.name: &apos;Linux&apos;, os.arch: &apos;amd64&apos;, os.version: &apos;6.14.0-33-generic&apos;, java.version: &apos;17.0.9&apos;&#10;Driver info: io.appium.java_client.android.AndroidDriver&#10;Command: [null, newSession {capabilities=[{appium:app=storage:filename=Calculator_8.4 (503542421)_Apkpure.apk, appium:automationName=UiAutomator2, appium:deviceName=Google Pixel 3 GoogleAPI Emulator, appium:platformVersion=9.0, platformName=ANDROID, sauce:options={accessKey=49d13ae3-a890-47ed-813b-6ab9262151c7, build=Calculadora Google - Teste Mobile v1.0, name=Testes de Soma com Page Objects e CSV, deviceOrientation=portrait, username=oauth-danillo-75a98}}], desiredCapabilities=Capabilities {app: storage:filename=Calculator..., appium:automationName: UiAutomator2, appium:deviceName: Google Pixel 3 GoogleAPI Em..., appium:platformVersion: 9.0, platformName: ANDROID, sauce:options: {accessKey: 49d13ae3-a890-47ed-813b-6ab..., build: Calculadora Google - Teste ..., deviceOrientation: portrait, name: Testes de Soma com Page Obj..., username: oauth-danillo-75a98}}}]&#10;Capabilities {app: storage:filename=Calculator..., appium:automationName: UiAutomator2, appium:deviceName: Google Pixel 3 GoogleAPI Em..., appium:platformVersion: 9.0, platformName: ANDROID, sauce:options: {accessKey: 49d13ae3-a890-47ed-813b-6ab..., build: Calculadora Google - Teste ..., deviceOrientation: portrait, name: Testes de Soma com Page Obj..., username: oauth-danillo-75a98}}"/>
  </testcase>
  <testcase name="testeSomaComPageObjectsECSV[25, +, 15, 40](3)" classname="CalculadoraTest" time="0">
    <skipped message="Could not start a new session. Response code 400. Message: Verification failed for: storage:filename=Calculator_8.4 (503542421)_Apkpure.apk - File is not available. Make sure the file is in App Storage and you have access permissions to it before retrying. If you have confirmed you have access to the file in App Storage and you continue to get this error, contact help@saucelabs.com for support. [Trace: XXXXXXXX-XXXX-XXXX-XXXX-XXXX65319e6f] &#10;Host info: host: &apos;danillo&apos;, ip: &apos;192.168.15.23&apos;&#10;Build info: version: &apos;4.13.0&apos;, revision: &apos;ba948ece5b*&apos;&#10;System info: os.name: &apos;Linux&apos;, os.arch: &apos;amd64&apos;, os.version: &apos;6.14.0-33-generic&apos;, java.version: &apos;17.0.9&apos;&#10;Driver info: io.appium.java_client.android.AndroidDriver&#10;Command: [null, newSession {capabilities=[{appium:app=storage:filename=Calculator_8.4 (503542421)_Apkpure.apk, appium:automationName=UiAutomator2, appium:deviceName=Google Pixel 3 GoogleAPI Emulator, appium:platformVersion=9.0, platformName=ANDROID, sauce:options={accessKey=49d13ae3-a890-47ed-813b-6ab9262151c7, build=Calculadora Google - Teste Mobile v1.0, name=Testes de Soma com Page Objects e CSV, deviceOrientation=portrait, username=oauth-danillo-75a98}}], desiredCapabilities=Capabilities {app: storage:filename=Calculator..., appium:automationName: UiAutomator2, appium:deviceName: Google Pixel 3 GoogleAPI Em..., appium:platformVersion: 9.0, platformName: ANDROID, sauce:options: {accessKey: 49d13ae3-a890-47ed-813b-6ab..., build: Calculadora Google - Teste ..., deviceOrientation: portrait, name: Testes de Soma com Page Obj..., username: oauth-danillo-75a98}}}]&#10;Capabilities {app: storage:filename=Calculator..., appium:automationName: UiAutomator2, appium:deviceName: Google Pixel 3 GoogleAPI Em..., appium:platformVersion: 9.0, platformName: ANDROID, sauce:options: {accessKey: 49d13ae3-a890-47ed-813b-6ab..., build: Calculadora Google - Teste ..., deviceOrientation: portrait, name: Testes de Soma com Page Obj..., username: oauth-danillo-75a98}}"/>
  </testcase>
</testsuite>