<?xml version="1.0" encoding="UTF-8"?>
<!-- Generated by org.testng.reporters.JUnitXMLReporter -->
<testsuite ignored="0" hostname="danillo" failures="0" tests="4" name="Surefire test" time="256.238" errors="0" timestamp="2025-10-01T23:39:44 BRT">
  <testcase classname="CalculadoraTest" name="testeSomaSimples" time="21.197"/>
  <testcase classname="CalculadoraTest" name="testeSomaComPageObjectsECSV" time="21.811"/>
  <testcase classname="CalculadoraTest" name="testeSomaComPageObjectsECSV" time="25.797"/>
  <testcase classname="CalculadoraTest" name="testeSomaComPageObjectsECSV" time="29.491"/>
</testsuite> <!-- Surefire test -->
