<?xml version="1.0" encoding="UTF-8"?>
<!-- Generated by org.testng.reporters.JUnitXMLReporter -->
<testsuite ignored="0" hostname="danillo" failures="0" tests="4" name="Surefire test" time="2.148" errors="0" timestamp="2025-10-01T23:02:21 BRT">
  <testcase classname="base.BaseTest" name="@BeforeMethod setUp" time="2.124">
    <failure type="org.openqa.selenium.SessionNotCreatedException" message="Could not start a new session. Response code 400. Message: No browserName or app specified in session request. Please check our platforms configurator (https://wiki.saucelabs.com/display/DOCS/Platform+Configurator): {&amp;apos;sauce:options&amp;apos;: {&amp;apos;username&amp;apos;: &amp;apos;oauth-danillo-75a98&amp;apos;, &amp;apos;name&amp;apos;: &amp;apos;Testes de Soma com Page Objects e CSV&amp;apos;, &amp;apos;app&amp;apos;: &amp;apos;storage:filename=Calculator_8.4 (503542421)_Apkpure.apk&amp;apos;, &amp;apos;appiumVersion&amp;apos;: &amp;apos;1.22.2&amp;apos;, &amp;apos;deviceOrientation&amp;apos;: &amp;apos;portrait&amp;apos;, &amp;apos;accessKey&amp;apos;: &amp;apos;XXXXXXXX-XXXX-XXXX-XXXX-XXXX262151c7&amp;apos;, &amp;apos;build&amp;apos;: &amp;apos;Calculadora Google - Teste Mobile v1.0&amp;apos;}, &amp;apos;appium:deviceName&amp;apos;: &amp;apos;Google Pixel 3 GoogleAPI Emulator&amp;apos;, &amp;apos;appium:automationName&amp;apos;: &amp;apos;UiAutomator2&amp;apos;, &amp;apos;platformName&amp;apos;: &amp;apos;ANDROID&amp;apos;, &amp;apos;appium:platformVersion&amp;apos;: &amp;apos;9.0&amp;apos;} 
Host info: host: &amp;apos;danillo&amp;apos;, ip: &amp;apos;192.168.15.23&amp;apos;
Build info: version: &amp;apos;4.13.0&amp;apos;, revision: &amp;apos;ba948ece5b*&amp;apos;
System info: os.name: &amp;apos;Linux&amp;apos;, os.arch: &amp;apos;amd64&amp;apos;, os.version: &amp;apos;6.14.0-33-generic&amp;apos;, java.version: &amp;apos;17.0.9&amp;apos;
Driver info: io.appium.java_client.android.AndroidDriver
Command: [null, newSession {capabilities=[{appium:automationName=UiAutomator2, appium:deviceName=Google Pixel 3 GoogleAPI Emulator, appium:platformVersion=9.0, platformName=ANDROID, sauce:options={app=storage:filename=Calculator_8.4 (503542421)_Apkpure.apk, accessKey=49d13ae3-a890-47ed-813b-6ab9262151c7, build=Calculadora Google - Teste Mobile v1.0, appiumVersion=1.22.2, name=Testes de Soma com Page Objects e CSV, deviceOrientation=portrait, username=oauth-danillo-75a98}}], desiredCapabilities=Capabilities {appium:automationName: UiAutomator2, appium:deviceName: Google Pixel 3 GoogleAPI Em..., appium:platformVersion: 9.0, platformName: ANDROID, sauce:options: {accessKey: 49d13ae3-a890-47ed-813b-6ab..., app: storage:filename=Calculator..., appiumVersion: 1.22.2, build: Calculadora Google - Teste ..., deviceOrientation: portrait, name: Testes de Soma com Page Obj..., username: oauth-danillo-75a98}}}]
Capabilities {appium:automationName: UiAutomator2, appium:deviceName: Google Pixel 3 GoogleAPI Em..., appium:platformVersion: 9.0, platformName: ANDROID, sauce:options: {accessKey: 49d13ae3-a890-47ed-813b-6ab..., app: storage:filename=Calculator..., appiumVersion: 1.22.2, build: Calculadora Google - Teste ..., deviceOrientation: portrait, name: Testes de Soma com Page Obj..., username: oauth-danillo-75a98}}">
      <![CDATA[org.openqa.selenium.SessionNotCreatedException: Could not start a new session. Response code 400. Message: No browserName or app specified in session request. Please check our platforms configurator (https://wiki.saucelabs.com/display/DOCS/Platform+Configurator): {'sauce:options': {'username': 'oauth-danillo-75a98', 'name': 'Testes de Soma com Page Objects e CSV', 'app': 'storage:filename=Calculator_8.4 (503542421)_Apkpure.apk', 'appiumVersion': '1.22.2', 'deviceOrientation': 'portrait', 'accessKey': 'XXXXXXXX-XXXX-XXXX-XXXX-XXXX262151c7', 'build': 'Calculadora Google - Teste Mobile v1.0'}, 'appium:deviceName': 'Google Pixel 3 GoogleAPI Emulator', 'appium:automationName': 'UiAutomator2', 'platformName': 'ANDROID', 'appium:platformVersion': '9.0'} 
Host info: host: 'danillo', ip: '192.168.15.23'
Build info: version: '4.13.0', revision: 'ba948ece5b*'
System info: os.name: 'Linux', os.arch: 'amd64', os.version: '6.14.0-33-generic', java.version: '17.0.9'
Driver info: io.appium.java_client.android.AndroidDriver
Command: [null, newSession {capabilities=[{appium:automationName=UiAutomator2, appium:deviceName=Google Pixel 3 GoogleAPI Emulator, appium:platformVersion=9.0, platformName=ANDROID, sauce:options={app=storage:filename=Calculator_8.4 (503542421)_Apkpure.apk, accessKey=49d13ae3-a890-47ed-813b-6ab9262151c7, build=Calculadora Google - Teste Mobile v1.0, appiumVersion=1.22.2, name=Testes de Soma com Page Objects e CSV, deviceOrientation=portrait, username=oauth-danillo-75a98}}], desiredCapabilities=Capabilities {appium:automationName: UiAutomator2, appium:deviceName: Google Pixel 3 GoogleAPI Em..., appium:platformVersion: 9.0, platformName: ANDROID, sauce:options: {accessKey: 49d13ae3-a890-47ed-813b-6ab..., app: storage:filename=Calculator..., appiumVersion: 1.22.2, build: Calculadora Google - Teste ..., deviceOrientation: portrait, name: Testes de Soma com Page Obj..., username: oauth-danillo-75a98}}}]
Capabilities {appium:automationName: UiAutomator2, appium:deviceName: Google Pixel 3 GoogleAPI Em..., appium:platformVersion: 9.0, platformName: ANDROID, sauce:options: {accessKey: 49d13ae3-a890-47ed-813b-6ab..., app: storage:filename=Calculator..., appiumVersion: 1.22.2, build: Calculadora Google - Teste ..., deviceOrientation: portrait, name: Testes de Soma com Page Obj..., username: oauth-danillo-75a98}}
at org.openqa.selenium.remote.ProtocolHandshake.createSession(ProtocolHandshake.java:140)
at io.appium.java_client.remote.AppiumProtocolHandshake.createSession(AppiumProtocolHandshake.java:133)
at io.appium.java_client.remote.AppiumProtocolHandshake.createSession(AppiumProtocolHandshake.java:102)
at io.appium.java_client.remote.AppiumCommandExecutor.createSession(AppiumCommandExecutor.java:182)
at io.appium.java_client.remote.AppiumCommandExecutor.execute(AppiumCommandExecutor.java:250)
at org.openqa.selenium.remote.RemoteWebDriver.execute(RemoteWebDriver.java:602)
at io.appium.java_client.AppiumDriver.startSession(AppiumDriver.java:274)
at org.openqa.selenium.remote.RemoteWebDriver.<init>(RemoteWebDriver.java:163)
at io.appium.java_client.AppiumDriver.<init>(AppiumDriver.java:89)
at io.appium.java_client.AppiumDriver.<init>(AppiumDriver.java:101)
at io.appium.java_client.android.AndroidDriver.<init>(AndroidDriver.java:113)
at base.BaseTest.setUp(BaseTest.java:38)
at java.base/java.util.ArrayList.forEach(ArrayList.java:1511)
... Removed 40 stack frames]]>
    </failure>
  </testcase> <!-- @BeforeMethod setUp -->
  <testcase classname="base.BaseTest" name="@AfterMethod tearDown" time="0.0">
    <skipped/>
  </testcase> <!-- @AfterMethod tearDown -->
  <testcase classname="base.BaseTest" name="@BeforeMethod setUp" time="0.0">
    <skipped/>
  </testcase> <!-- @BeforeMethod setUp -->
  <testcase classname="base.BaseTest" name="@AfterMethod tearDown" time="0.0">
    <skipped/>
  </testcase> <!-- @AfterMethod tearDown -->
  <testcase classname="base.BaseTest" name="@BeforeMethod setUp" time="0.0">
    <skipped/>
  </testcase> <!-- @BeforeMethod setUp -->
  <testcase classname="base.BaseTest" name="@AfterMethod tearDown" time="0.0">
    <skipped/>
  </testcase> <!-- @AfterMethod tearDown -->
  <testcase classname="base.BaseTest" name="@BeforeMethod setUp" time="0.0">
    <skipped/>
  </testcase> <!-- @BeforeMethod setUp -->
  <testcase classname="base.BaseTest" name="@AfterMethod tearDown" time="0.0">
    <skipped/>
  </testcase> <!-- @AfterMethod tearDown -->
  <testcase classname="CalculadoraTest" name="testeSomaSimples" time="0.0">
    <skipped/>
  </testcase> <!-- testeSomaSimples -->
  <testcase classname="CalculadoraTest" name="testeSomaComPageObjectsECSV" time="0.0">
    <skipped/>
  </testcase> <!-- testeSomaComPageObjectsECSV -->
  <testcase classname="CalculadoraTest" name="testeSomaComPageObjectsECSV" time="0.0">
    <skipped/>
  </testcase> <!-- testeSomaComPageObjectsECSV -->
  <testcase classname="CalculadoraTest" name="testeSomaComPageObjectsECSV" time="0.0">
    <skipped/>
  </testcase> <!-- testeSomaComPageObjectsECSV -->
</testsuite> <!-- Surefire test -->
