<?xml version="1.0" encoding="UTF-8"?>
<testsuite xmlns:xsi="http://www.w3.org/2001/XMLSchema-instance" xsi:noNamespaceSchemaLocation="https://maven.apache.org/surefire/maven-surefire-plugin/xsd/surefire-test-report-3.0.xsd" version="3.0" name="TestStore" time="10.797" tests="6" errors="0" skipped="0" failures="0">
  <properties>
[...]
</properties>
  <testcase name="testPostStore" classname="TestStore" time="1.578">
    <system-out><![CDATA[Request method:	POST
Request URI:	https://petstore.swagger.io/v2/store/order
Proxy:			<none>
Request params:	<none>
Query params:	<none>
Form params:	<none>
Path params:	<none>
Headers:		Accept=*/*
				Content-Type=application/json
Cookies:		<none>
Multiparts:		<none>
Body:
{
    "id": 1,
    "petId": 95,
    "quantity": 1,
    "shipDate": "2025-08-28T00:00:00.000Z",
    "status": "placed",
    "complete": true
}
HTTP/1.1 200 OK
Date: Fri, 29 Aug 2025 03:49:36 GMT
Content-Type: application/json
Transfer-Encoding: chunked
Connection: keep-alive
Access-Control-Allow-Origin: *
Access-Control-Allow-Methods: GET, POST, DELETE, PUT
Access-Control-Allow-Headers: Content-Type, api_key, Authorization
Server: Jetty(9.2.9.v20150224)

{
    "id": 1,
    "petId": 95,
    "quantity": 1,
    "shipDate": "2025-08-28T00:00:00.000+0000",
    "status": "placed",
    "complete": true
}
]]></system-out>
  </testcase>
  <testcase name="testGetStore" classname="TestStore" time="1.834">
    <system-out><![CDATA[Request method:	GET
Request URI:	https://petstore.swagger.io/v2/store/order/1
Proxy:			<none>
Request params:	<none>
Query params:	<none>
Form params:	<none>
Path params:	<none>
Headers:		Accept=*/*
				Content-Type=application/json
Cookies:		<none>
Multiparts:		<none>
Body:			<none>
HTTP/1.1 200 OK
Date: Fri, 29 Aug 2025 03:49:38 GMT
Content-Type: application/json
Transfer-Encoding: chunked
Connection: keep-alive
Access-Control-Allow-Origin: *
Access-Control-Allow-Methods: GET, POST, DELETE, PUT
Access-Control-Allow-Headers: Content-Type, api_key, Authorization
Server: Jetty(9.2.9.v20150224)

{
    "id": 1,
    "petId": 95,
    "quantity": 1,
    "shipDate": "2025-08-28T00:00:00.000+0000",
    "status": "placed",
    "complete": true
}
]]></system-out>
  </testcase>
  <testcase name="testDeleteStore" classname="TestStore" time="1.832">
    <system-out><![CDATA[Request method:	DELETE
Request URI:	https://petstore.swagger.io/v2/store/order/1
Proxy:			<none>
Request params:	<none>
Query params:	<none>
Form params:	<none>
Path params:	<none>
Headers:		Accept=*/*
				Content-Type=application/json
Cookies:		<none>
Multiparts:		<none>
Body:			<none>
HTTP/1.1 200 OK
Date: Fri, 29 Aug 2025 03:49:40 GMT
Content-Type: application/json
Transfer-Encoding: chunked
Connection: keep-alive
Access-Control-Allow-Origin: *
Access-Control-Allow-Methods: GET, POST, DELETE, PUT
Access-Control-Allow-Headers: Content-Type, api_key, Authorization
Server: Jetty(9.2.9.v20150224)

{
    "code": 200,
    "type": "unknown",
    "message": "1"
}
]]></system-out>
  </testcase>
  <testcase name="testPostStoreDataDriven(int, int, int, String, String, boolean)[1]" classname="TestStore" time="1.883">
    <system-out><![CDATA[Request method:	POST
Request URI:	https://petstore.swagger.io/v2/store/order
Proxy:			<none>
Request params:	<none>
Query params:	<none>
Form params:	<none>
Path params:	<none>
Headers:		Accept=*/*
				Content-Type=application/json
Cookies:		<none>
Multiparts:		<none>
Body:
{
    "id": 2,
    "petId": 95,
    "quantity": 2,
    "shipDate": "2025-08-28T00:00:00.000Z",
    "status": "placed",
    "complete": true
}
HTTP/1.1 200 OK
Date: Fri, 29 Aug 2025 03:49:42 GMT
Content-Type: application/json
Transfer-Encoding: chunked
Connection: keep-alive
Access-Control-Allow-Origin: *
Access-Control-Allow-Methods: GET, POST, DELETE, PUT
Access-Control-Allow-Headers: Content-Type, api_key, Authorization
Server: Jetty(9.2.9.v20150224)

{
    "id": 2,
    "petId": 95,
    "quantity": 2,
    "shipDate": "2025-08-28T00:00:00.000+0000",
    "status": "placed",
    "complete": true
}
]]></system-out>
  </testcase>
  <testcase name="testPostStoreDataDriven(int, int, int, String, String, boolean)[2]" classname="TestStore" time="1.82">
    <system-out><![CDATA[Request method:	POST
Request URI:	https://petstore.swagger.io/v2/store/order
Proxy:			<none>
Request params:	<none>
Query params:	<none>
Form params:	<none>
Path params:	<none>
Headers:		Accept=*/*
				Content-Type=application/json
Cookies:		<none>
Multiparts:		<none>
Body:
{
    "id": 3,
    "petId": 95,
    "quantity": 3,
    "shipDate": "2025-08-28T00:00:00.000Z",
    "status": "approved",
    "complete": false
}
HTTP/1.1 200 OK
Date: Fri, 29 Aug 2025 03:49:44 GMT
Content-Type: application/json
Transfer-Encoding: chunked
Connection: keep-alive
Access-Control-Allow-Origin: *
Access-Control-Allow-Methods: GET, POST, DELETE, PUT
Access-Control-Allow-Headers: Content-Type, api_key, Authorization
Server: Jetty(9.2.9.v20150224)

{
    "id": 3,
    "petId": 95,
    "quantity": 3,
    "shipDate": "2025-08-28T00:00:00.000+0000",
    "status": "approved",
    "complete": false
}
]]></system-out>
  </testcase>
  <testcase name="testPostStoreDataDriven(int, int, int, String, String, boolean)[3]" classname="TestStore" time="1.828">
    <system-out><![CDATA[Request method:	POST
Request URI:	https://petstore.swagger.io/v2/store/order
Proxy:			<none>
Request params:	<none>
Query params:	<none>
Form params:	<none>
Path params:	<none>
Headers:		Accept=*/*
				Content-Type=application/json
Cookies:		<none>
Multiparts:		<none>
Body:
{
    "id": 4,
    "petId": 95,
    "quantity": 4,
    "shipDate": "2025-08-28T00:00:00.000Z",
    "status": "delivered",
    "complete": true
}
HTTP/1.1 200 OK
Date: Fri, 29 Aug 2025 03:49:46 GMT
Content-Type: application/json
Transfer-Encoding: chunked
Connection: keep-alive
Access-Control-Allow-Origin: *
Access-Control-Allow-Methods: GET, POST, DELETE, PUT
Access-Control-Allow-Headers: Content-Type, api_key, Authorization
Server: Jetty(9.2.9.v20150224)

{
    "id": 4,
    "petId": 95,
    "quantity": 4,
    "shipDate": "2025-08-28T00:00:00.000+0000",
    "status": "delivered",
    "complete": true
}
]]></system-out>
  </testcase>
</testsuite>