<?xml version="1.0" encoding="UTF-8"?>
<testsuite xmlns:xsi="http://www.w3.org/2001/XMLSchema-instance" xsi:noNamespaceSchemaLocation="https://maven.apache.org/surefire/maven-surefire-plugin/xsd/surefire-test-report-3.0.xsd" version="3.0" name="TestStore" time="8.551" tests="6" errors="0" skipped="0" failures="1">
  <properties>
[...]
</properties>
  <testcase name="testPostStore" classname="TestStore" time="0.954">
    <system-out><![CDATA[Request method:	POST
Request URI:	https://petstore.swagger.io/v2/store/order
Proxy:			<none>
Request params:	<none>
Query params:	<none>
Form params:	<none>
Path params:	<none>
Headers:		Accept=*/*
				Content-Type=application/json
Cookies:		<none>
Multiparts:		<none>
Body:
{
    "id": 1,
    "petId": 95,
    "quantity": 1,
    "shipDate": "2025-08-28T00:00:00.000Z",
    "status": "placed",
    "complete": true
}
HTTP/1.1 200 OK
Date: Wed, 01 Oct 2025 02:23:23 GMT
Content-Type: application/json
Transfer-Encoding: chunked
Connection: keep-alive
Access-Control-Allow-Origin: *
Access-Control-Allow-Methods: GET, POST, DELETE, PUT
Access-Control-Allow-Headers: Content-Type, api_key, Authorization
Server: Jetty(9.2.9.v20150224)

{
    "id": 1,
    "petId": 95,
    "quantity": 1,
    "shipDate": "2025-08-28T00:00:00.000+0000",
    "status": "placed",
    "complete": true
}
]]></system-out>
  </testcase>
  <testcase name="testGetStore" classname="TestStore" time="0.961">
    <failure message="1 expectation failed.&#10;JSON path petId doesn&apos;t match.&#10;Expected: is &lt;95&gt;&#10;  Actual: &lt;0&gt;&#10;" type="java.lang.AssertionError"><![CDATA[java.lang.AssertionError: 
1 expectation failed.
JSON path petId doesn't match.
Expected: is <95>
  Actual: <0>

	at java.base/jdk.internal.reflect.NativeConstructorAccessorImpl.newInstance0(Native Method)
	at java.base/jdk.internal.reflect.NativeConstructorAccessorImpl.newInstance(NativeConstructorAccessorImpl.java:77)
	at java.base/jdk.internal.reflect.DelegatingConstructorAccessorImpl.newInstance(DelegatingConstructorAccessorImpl.java:45)
	at java.base/java.lang.reflect.Constructor.newInstanceWithCaller(Constructor.java:499)
	at java.base/java.lang.reflect.Constructor.newInstance(Constructor.java:480)
	at org.codehaus.groovy.reflection.CachedConstructor.invoke(CachedConstructor.java:73)
	at org.codehaus.groovy.runtime.callsite.ConstructorSite$ConstructorSiteNoUnwrapNoCoerce.callConstructor(ConstructorSite.java:108)
	at org.codehaus.groovy.runtime.callsite.AbstractCallSite.callConstructor(AbstractCallSite.java:277)
	at io.restassured.internal.ResponseSpecificationImpl$HamcrestAssertionClosure.validate(ResponseSpecificationImpl.groovy:512)
	at io.restassured.internal.ResponseSpecificationImpl$HamcrestAssertionClosure$validate$1.call(Unknown Source)
	at io.restassured.internal.ResponseSpecificationImpl.validateResponseIfRequired(ResponseSpecificationImpl.groovy:696)
	at io.restassured.internal.ResponseSpecificationImpl.this$2$validateResponseIfRequired(ResponseSpecificationImpl.groovy)
	at jdk.internal.reflect.GeneratedMethodAccessor42.invoke(Unknown Source)
	at java.base/jdk.internal.reflect.DelegatingMethodAccessorImpl.invoke(DelegatingMethodAccessorImpl.java:43)
	at java.base/java.lang.reflect.Method.invoke(Method.java:568)
	at org.codehaus.groovy.runtime.callsite.PlainObjectMetaMethodSite.doInvoke(PlainObjectMetaMethodSite.java:43)
	at org.codehaus.groovy.runtime.callsite.PogoMetaMethodSite$PogoCachedMethodSiteNoUnwrapNoCoerce.invoke(PogoMetaMethodSite.java:198)
	at org.codehaus.groovy.runtime.callsite.PogoMetaMethodSite.callCurrent(PogoMetaMethodSite.java:62)
	at org.codehaus.groovy.runtime.callsite.AbstractCallSite.callCurrent(AbstractCallSite.java:185)
	at io.restassured.internal.ResponseSpecificationImpl.body(ResponseSpecificationImpl.groovy:270)
	at io.restassured.specification.ResponseSpecification$body$1.callCurrent(Unknown Source)
	at io.restassured.internal.ResponseSpecificationImpl.body(ResponseSpecificationImpl.groovy:117)
	at io.restassured.internal.ValidatableResponseOptionsImpl.body(ValidatableResponseOptionsImpl.java:244)
	at TestStore.testGetStore(TestStore.java:70)
	at java.base/java.lang.reflect.Method.invoke(Method.java:568)
	at java.base/java.util.ArrayList.forEach(ArrayList.java:1511)
	at java.base/java.util.ArrayList.forEach(ArrayList.java:1511)
]]></failure>
    <system-out><![CDATA[Request method:	GET
Request URI:	https://petstore.swagger.io/v2/store/order/1
Proxy:			<none>
Request params:	<none>
Query params:	<none>
Form params:	<none>
Path params:	<none>
Headers:		Accept=*/*
				Content-Type=application/json
Cookies:		<none>
Multiparts:		<none>
Body:			<none>
HTTP/1.1 200 OK
Date: Wed, 01 Oct 2025 02:23:24 GMT
Content-Type: application/json
Transfer-Encoding: chunked
Connection: keep-alive
Access-Control-Allow-Origin: *
Access-Control-Allow-Methods: GET, POST, DELETE, PUT
Access-Control-Allow-Headers: Content-Type, api_key, Authorization
Server: Jetty(9.2.9.v20150224)

{
    "id": 1,
    "petId": 0,
    "quantity": 0,
    "shipDate": "2023-03-27T02:14:59.643+0000",
    "status": "placed",
    "complete": true
}
HTTP/1.1 200 OK
Date: Wed, 01 Oct 2025 02:23:24 GMT
Content-Type: application/json
Transfer-Encoding: chunked
Connection: keep-alive
Access-Control-Allow-Origin: *
Access-Control-Allow-Methods: GET, POST, DELETE, PUT
Access-Control-Allow-Headers: Content-Type, api_key, Authorization
Server: Jetty(9.2.9.v20150224)

{
    "id": 1,
    "petId": 0,
    "quantity": 0,
    "shipDate": "2023-03-27T02:14:59.643+0000",
    "status": "placed",
    "complete": true
}
]]></system-out>
  </testcase>
  <testcase name="testDeleteStore" classname="TestStore" time="1.718">
    <system-out><![CDATA[Request method:	DELETE
Request URI:	https://petstore.swagger.io/v2/store/order/1
Proxy:			<none>
Request params:	<none>
Query params:	<none>
Form params:	<none>
Path params:	<none>
Headers:		Accept=*/*
				Content-Type=application/json
Cookies:		<none>
Multiparts:		<none>
Body:			<none>
HTTP/1.1 200 OK
Date: Wed, 01 Oct 2025 02:23:26 GMT
Content-Type: application/json
Transfer-Encoding: chunked
Connection: keep-alive
Access-Control-Allow-Origin: *
Access-Control-Allow-Methods: GET, POST, DELETE, PUT
Access-Control-Allow-Headers: Content-Type, api_key, Authorization
Server: Jetty(9.2.9.v20150224)

{
    "code": 200,
    "type": "unknown",
    "message": "1"
}
]]></system-out>
  </testcase>
  <testcase name="testPostStoreDataDriven(int, int, int, String, String, boolean)[1]" classname="TestStore" time="1.543">
    <system-out><![CDATA[Request method:	POST
Request URI:	https://petstore.swagger.io/v2/store/order
Proxy:			<none>
Request params:	<none>
Query params:	<none>
Form params:	<none>
Path params:	<none>
Headers:		Accept=*/*
				Content-Type=application/json
Cookies:		<none>
Multiparts:		<none>
Body:
{
    "id": 2,
    "petId": 95,
    "quantity": 2,
    "shipDate": "2025-08-28T00:00:00.000Z",
    "status": "placed",
    "complete": true
}
HTTP/1.1 200 OK
Date: Wed, 01 Oct 2025 02:23:28 GMT
Content-Type: application/json
Transfer-Encoding: chunked
Connection: keep-alive
Access-Control-Allow-Origin: *
Access-Control-Allow-Methods: GET, POST, DELETE, PUT
Access-Control-Allow-Headers: Content-Type, api_key, Authorization
Server: Jetty(9.2.9.v20150224)

{
    "id": 2,
    "petId": 95,
    "quantity": 2,
    "shipDate": "2025-08-28T00:00:00.000+0000",
    "status": "placed",
    "complete": true
}
]]></system-out>
  </testcase>
  <testcase name="testPostStoreDataDriven(int, int, int, String, String, boolean)[2]" classname="TestStore" time="2.147">
    <system-out><![CDATA[Request method:	POST
Request URI:	https://petstore.swagger.io/v2/store/order
Proxy:			<none>
Request params:	<none>
Query params:	<none>
Form params:	<none>
Path params:	<none>
Headers:		Accept=*/*
				Content-Type=application/json
Cookies:		<none>
Multiparts:		<none>
Body:
{
    "id": 3,
    "petId": 95,
    "quantity": 3,
    "shipDate": "2025-08-28T00:00:00.000Z",
    "status": "approved",
    "complete": false
}
HTTP/1.1 200 OK
Date: Wed, 01 Oct 2025 02:23:30 GMT
Content-Type: application/json
Transfer-Encoding: chunked
Connection: keep-alive
Access-Control-Allow-Origin: *
Access-Control-Allow-Methods: GET, POST, DELETE, PUT
Access-Control-Allow-Headers: Content-Type, api_key, Authorization
Server: Jetty(9.2.9.v20150224)

{
    "id": 3,
    "petId": 95,
    "quantity": 3,
    "shipDate": "2025-08-28T00:00:00.000+0000",
    "status": "approved",
    "complete": false
}
]]></system-out>
  </testcase>
  <testcase name="testPostStoreDataDriven(int, int, int, String, String, boolean)[3]" classname="TestStore" time="1.221">
    <system-out><![CDATA[Request method:	POST
Request URI:	https://petstore.swagger.io/v2/store/order
Proxy:			<none>
Request params:	<none>
Query params:	<none>
Form params:	<none>
Path params:	<none>
Headers:		Accept=*/*
				Content-Type=application/json
Cookies:		<none>
Multiparts:		<none>
Body:
{
    "id": 4,
    "petId": 95,
    "quantity": 4,
    "shipDate": "2025-08-28T00:00:00.000Z",
    "status": "delivered",
    "complete": true
}
HTTP/1.1 200 OK
Date: Wed, 01 Oct 2025 02:23:31 GMT
Content-Type: application/json
Transfer-Encoding: chunked
Connection: keep-alive
Access-Control-Allow-Origin: *
Access-Control-Allow-Methods: GET, POST, DELETE, PUT
Access-Control-Allow-Headers: Content-Type, api_key, Authorization
Server: Jetty(9.2.9.v20150224)

{
    "id": 4,
    "petId": 95,
    "quantity": 4,
    "shipDate": "2025-08-28T00:00:00.000+0000",
    "status": "delivered",
    "complete": true
}
]]></system-out>
  </testcase>
</testsuite>