<?xml version="1.0" encoding="UTF-8"?>
<testsuite xmlns:xsi="http://www.w3.org/2001/XMLSchema-instance" xsi:noNamespaceSchemaLocation="https://maven.apache.org/surefire/maven-surefire-plugin/xsd/surefire-test-report-3.0.xsd" version="3.0" name="TestBooking" time="25.063" tests="12" errors="0" skipped="0" failures="0">
  <properties>
[...]
</properties>
  <testcase name="testCreateBookingWithMassData(String, String, int, boolean, String, String, String)[1]" classname="TestBooking" time="1.668">
    <system-out><![CDATA[Token obtido para os testes: fb6cd6829d19eaf
Booking criado para João Silva com ID: 903
]]></system-out>
  </testcase>
  <testcase name="testCreateBookingWithMassData(String, String, int, boolean, String, String, String)[2]" classname="TestBooking" time="1.031">
    <system-out><![CDATA[Booking criado para Maria Santos com ID: 914
]]></system-out>
  </testcase>
  <testcase name="testCreateBookingWithMassData(String, String, int, boolean, String, String, String)[3]" classname="TestBooking" time="1.536">
    <system-out><![CDATA[Booking criado para Pedro Oliveira com ID: 926
]]></system-out>
  </testcase>
  <testcase name="testCreateBookingWithMassData(String, String, int, boolean, String, String, String)[4]" classname="TestBooking" time="1.864">
    <system-out><![CDATA[Booking criado para Ana Costa com ID: 945
]]></system-out>
  </testcase>
  <testcase name="testGetBookingById" classname="TestBooking" time="2.57">
    <system-out><![CDATA[Booking 958 consultado com sucesso
]]></system-out>
  </testcase>
  <testcase name="testGetBookingsByName" classname="TestBooking" time="0.963">
    <system-out><![CDATA[Filtro por nome funcionou corretamente
]]></system-out>
  </testcase>
  <testcase name="testGetNonExistentBooking" classname="TestBooking" time="0.9">
    <system-out><![CDATA[Teste de booking inexistente passou - retornou 404 como esperado
]]></system-out>
  </testcase>
  <testcase name="testCreateBooking" classname="TestBooking" time="1.03">
    <system-out><![CDATA[Booking criado com ID: 993
]]></system-out>
  </testcase>
  <testcase name="testGetBookingsByCheckinDate" classname="TestBooking" time="1.701">
    <system-out><![CDATA[Filtro por data de check-in funcionou corretamente
]]></system-out>
  </testcase>
  <testcase name="testGetAllBookings" classname="TestBooking" time="1.733">
    <system-out><![CDATA[Lista de bookings recuperada com sucesso
]]></system-out>
  </testcase>
  <testcase name="testUpdateBooking" classname="TestBooking" time="2.242">
    <system-out><![CDATA[Booking 1033 atualizado com sucesso
]]></system-out>
  </testcase>
  <testcase name="testDeleteBooking" classname="TestBooking" time="4.67">
    <system-out><![CDATA[Booking 1056 deletado com sucesso
]]></system-out>
  </testcase>
</testsuite>