<?xml version="1.0" encoding="UTF-8"?>
<testsuite xmlns:xsi="http://www.w3.org/2001/XMLSchema-instance" xsi:noNamespaceSchemaLocation="https://maven.apache.org/surefire/maven-surefire-plugin/xsd/surefire-test-report-3.0.xsd" version="3.0" name="TestPet" time="11.242" tests="5" errors="0" skipped="0" failures="0">
  <properties>
[...]
</properties>
  <testcase name="testPostPetDDT(int, String, int, String, String, String)[1]" classname="TestPet" time="3.963">
    <system-out><![CDATA[Request method:	POST
Request URI:	https://petstore.swagger.io/v2/pet
Proxy:			<none>
Request params:	<none>
Query params:	<none>
Form params:	<none>
Path params:	<none>
Headers:		Accept=*/*
				Content-Type=application/json
Cookies:		<none>
Multiparts:		<none>
Body:
{
    "id": 92,
    "category": {
        "id": 1,
        "name": "cachorro"
    },
    "name": "Scooby",
    "tags": [
        {
            "id": 9,
            "name": "vacinado"
        },
        {
            "id": 0
        }
    ],
    "status": "available"
}
HTTP/1.1 200 OK
Date: Fri, 29 Aug 2025 03:49:10 GMT
Content-Type: application/json
Transfer-Encoding: chunked
Connection: keep-alive
Access-Control-Allow-Origin: *
Access-Control-Allow-Methods: GET, POST, DELETE, PUT
Access-Control-Allow-Headers: Content-Type, api_key, Authorization
Server: Jetty(9.2.9.v20150224)

{
    "id": 92,
    "category": {
        "id": 1,
        "name": "cachorro"
    },
    "name": "Scooby",
    "photoUrls": [
        
    ],
    "tags": [
        {
            "id": 9,
            "name": "vacinado"
        },
        {
            "id": 0
        }
    ],
    "status": "available"
}
]]></system-out>
  </testcase>
  <testcase name="testPostPetDDT(int, String, int, String, String, String)[2]" classname="TestPet" time="1.944">
    <system-out><![CDATA[Request method:	POST
Request URI:	https://petstore.swagger.io/v2/pet
Proxy:			<none>
Request params:	<none>
Query params:	<none>
Form params:	<none>
Path params:	<none>
Headers:		Accept=*/*
				Content-Type=application/json
Cookies:		<none>
Multiparts:		<none>
Body:
{
    "id": 93,
    "category": {
        "id": 2,
        "name": "gato"
    },
    "name": "Bichento",
    "tags": [
        {
            "id": 9,
            "name": "vacinado"
        },
        {
            "id": 0
        }
    ],
    "status": "available"
}
HTTP/1.1 200 OK
Date: Fri, 29 Aug 2025 03:49:13 GMT
Content-Type: application/json
Transfer-Encoding: chunked
Connection: keep-alive
Access-Control-Allow-Origin: *
Access-Control-Allow-Methods: GET, POST, DELETE, PUT
Access-Control-Allow-Headers: Content-Type, api_key, Authorization
Server: Jetty(9.2.9.v20150224)

{
    "id": 93,
    "category": {
        "id": 2,
        "name": "gato"
    },
    "name": "Bichento",
    "photoUrls": [
        
    ],
    "tags": [
        {
            "id": 9,
            "name": "vacinado"
        },
        {
            "id": 0
        }
    ],
    "status": "available"
}
]]></system-out>
  </testcase>
  <testcase name="testPostPetDDT(int, String, int, String, String, String)[3]" classname="TestPet" time="1.823">
    <system-out><![CDATA[Request method:	POST
Request URI:	https://petstore.swagger.io/v2/pet
Proxy:			<none>
Request params:	<none>
Query params:	<none>
Form params:	<none>
Path params:	<none>
Headers:		Accept=*/*
				Content-Type=application/json
Cookies:		<none>
Multiparts:		<none>
Body:
{
    "id": 94,
    "category": {
        "id": 3,
        "name": "peixe"
    },
    "name": "Nemo",
    "tags": [
        {
            "id": 9,
            "name": "vacinado"
        },
        {
            "id": 0
        }
    ],
    "status": "available"
}
HTTP/1.1 200 OK
Date: Fri, 29 Aug 2025 03:49:15 GMT
Content-Type: application/json
Transfer-Encoding: chunked
Connection: keep-alive
Access-Control-Allow-Origin: *
Access-Control-Allow-Methods: GET, POST, DELETE, PUT
Access-Control-Allow-Headers: Content-Type, api_key, Authorization
Server: Jetty(9.2.9.v20150224)

{
    "id": 94,
    "category": {
        "id": 3,
        "name": "peixe"
    },
    "name": "Nemo",
    "photoUrls": [
        
    ],
    "tags": [
        {
            "id": 9,
            "name": "vacinado"
        },
        {
            "id": 0
        }
    ],
    "status": "available"
}
]]></system-out>
  </testcase>
  <testcase name="testPostPet" classname="TestPet" time="1.567">
    <system-out><![CDATA[Request method:	POST
Request URI:	https://petstore.swagger.io/v2/pet
Proxy:			<none>
Request params:	<none>
Query params:	<none>
Form params:	<none>
Path params:	<none>
Headers:		Accept=*/*
				Content-Type=application/json
Cookies:		<none>
Multiparts:		<none>
Body:
{
    "id": 95,
    "category": {
        "id": 1,
        "name": "cachorro"
    },
    "name": "Snoopy",
    "photoUrls": [
        
    ],
    "tags": [
        {
            "id": 9,
            "name": "vacinado"
        }
    ],
    "status": "available"
}
HTTP/1.1 200 OK
Date: Fri, 29 Aug 2025 03:49:16 GMT
Content-Type: application/json
Transfer-Encoding: chunked
Connection: keep-alive
Access-Control-Allow-Origin: *
Access-Control-Allow-Methods: GET, POST, DELETE, PUT
Access-Control-Allow-Headers: Content-Type, api_key, Authorization
Server: Jetty(9.2.9.v20150224)

{
    "id": 95,
    "category": {
        "id": 1,
        "name": "cachorro"
    },
    "name": "Snoopy",
    "photoUrls": [
        
    ],
    "tags": [
        {
            "id": 9,
            "name": "vacinado"
        }
    ],
    "status": "available"
}
]]></system-out>
  </testcase>
  <testcase name="testGetPet" classname="TestPet" time="1.813">
    <system-out><![CDATA[Request method:	GET
Request URI:	https://petstore.swagger.io/v2/pet/95
Proxy:			<none>
Request params:	<none>
Query params:	<none>
Form params:	<none>
Path params:	<none>
Headers:		Accept=*/*
				Content-Type=application/json
Cookies:		<none>
Multiparts:		<none>
Body:			<none>
HTTP/1.1 200 OK
Date: Fri, 29 Aug 2025 03:49:18 GMT
Content-Type: application/json
Transfer-Encoding: chunked
Connection: keep-alive
Access-Control-Allow-Origin: *
Access-Control-Allow-Methods: GET, POST, DELETE, PUT
Access-Control-Allow-Headers: Content-Type, api_key, Authorization
Server: Jetty(9.2.9.v20150224)

{
    "id": 95,
    "category": {
        "id": 1,
        "name": "cachorro"
    },
    "name": "Snoopy",
    "photoUrls": [
        
    ],
    "tags": [
        {
            "id": 9,
            "name": "vacinado"
        }
    ],
    "status": "available"
}
]]></system-out>
  </testcase>
</testsuite>