<?xml version="1.0" encoding="UTF-8"?>
<testsuite xmlns:xsi="http://www.w3.org/2001/XMLSchema-instance" xsi:noNamespaceSchemaLocation="https://maven.apache.org/surefire/maven-surefire-plugin/xsd/surefire-test-report-3.0.xsd" version="3.0" name="TesteAreas" time="0.462" tests="14" errors="0" skipped="0" failures="0">
  <properties>
[...]
</properties>
  <testcase name="testeCirculo" classname="TesteAreas" time="0.064">
    <system-out><![CDATA[Calculando a área do círculo com raio 3.0 .Resultado: 28.274334
]]></system-out>
  </testcase>
  <testcase name="testeRetangulo" classname="TesteAreas" time="0.014">
    <system-out><![CDATA[Calculando a área do retângulo com base 35.0 e altura 2.5 .Resultado: 87.5
]]></system-out>
  </testcase>
  <testcase name="testeQuadrado" classname="TesteAreas" time="0.003">
    <system-out><![CDATA[Calculando a área do quadrado com lado 7.0 .Resultado: 49.0
]]></system-out>
  </testcase>
  <testcase name="testeTriangulo" classname="TesteAreas" time="0.004">
    <system-out><![CDATA[Calculando a área do triângulo com base 5.0 e altura 7.0 .Resultado: 17.5
]]></system-out>
  </testcase>
  <testcase name="testeRetanguloDDT(float, float, float)[1]" classname="TesteAreas" time="0.057">
    <system-out><![CDATA[Calculando a área do retângulo com base 5.0 e altura 7.0 .Resultado: 35.0
]]></system-out>
  </testcase>
  <testcase name="testeRetanguloDDT(float, float, float)[2]" classname="TesteAreas" time="0.005">
    <system-out><![CDATA[Calculando a área do retângulo com base 3.0 e altura 2.0 .Resultado: 6.0
]]></system-out>
  </testcase>
  <testcase name="testeRetanguloDDT(float, float, float)[3]" classname="TesteAreas" time="0.004">
    <system-out><![CDATA[Calculando a área do retângulo com base 10.0 e altura 10.0 .Resultado: 100.0
]]></system-out>
  </testcase>
  <testcase name="testeRetanguloDDT(float, float, float)[4]" classname="TesteAreas" time="0.008">
    <system-out><![CDATA[Calculando a área do retângulo com base -3.0 e altura -3.0 .Resultado: 9.0
]]></system-out>
  </testcase>
  <testcase name="testeRetanguloDDT(float, float, float)[5]" classname="TesteAreas" time="0.004">
    <system-out><![CDATA[Calculando a área do retângulo com base 7.0 e altura 7.0 .Resultado: 49.0
]]></system-out>
  </testcase>
  <testcase name="testeTrianguloCSV(float, float, float)[1]" classname="TesteAreas" time="0.005">
    <system-out><![CDATA[Calculando a área do triângulo com base 2.0 e altura 3.0 .Resultado: 3.0
]]></system-out>
  </testcase>
  <testcase name="testeTrianguloCSV(float, float, float)[2]" classname="TesteAreas" time="0.004">
    <system-out><![CDATA[Calculando a área do triângulo com base 3.0 e altura 4.0 .Resultado: 6.0
]]></system-out>
  </testcase>
  <testcase name="testeTrianguloCSV(float, float, float)[3]" classname="TesteAreas" time="0.006">
    <system-out><![CDATA[Calculando a área do triângulo com base 5.0 e altura 6.0 .Resultado: 15.0
]]></system-out>
  </testcase>
  <testcase name="testeTrianguloCSV(float, float, float)[4]" classname="TesteAreas" time="0.003">
    <system-out><![CDATA[Calculando a área do triângulo com base 6.0 e altura 7.0 .Resultado: 21.0
]]></system-out>
  </testcase>
  <testcase name="testeTrianguloCSV(float, float, float)[5]" classname="TesteAreas" time="0.005">
    <system-out><![CDATA[Calculando a área do triângulo com base -7.0 e altura -5.0 .Resultado: 17.5
]]></system-out>
  </testcase>
</testsuite>