<?xml version="1.0" encoding="UTF-8"?>
<testsuite xmlns:xsi="http://www.w3.org/2001/XMLSchema-instance" xsi:noNamespaceSchemaLocation="https://maven.apache.org/surefire/maven-surefire-plugin/xsd/surefire-test-report-3.0.xsd" version="3.0" name="TesteUnidade" time="0.08" tests="5" errors="0" skipped="0" failures="0">
  <properties>
[...]
</properties>
  <testcase name="testevddt(float, float, float, float)[1]" classname="TesteUnidade" time="0.03">
    <system-out><![CDATA[Calculando o volume do paralelepípedo com comprimento 2.0, largura 3.0 e altura 4.0 .Resultado: 24.0
]]></system-out>
  </testcase>
  <testcase name="testevddt(float, float, float, float)[2]" classname="TesteUnidade" time="0.001">
    <system-out><![CDATA[Calculando o volume do paralelepípedo com comprimento 5.0, largura 2.0 e altura 3.0 .Resultado: 30.0
]]></system-out>
  </testcase>
  <testcase name="testevddt(float, float, float, float)[3]" classname="TesteUnidade" time="0.001">
    <system-out><![CDATA[Calculando o volume do paralelepípedo com comprimento 1.0, largura 1.0 e altura 1.0 .Resultado: 1.0
]]></system-out>
  </testcase>
  <testcase name="testevddt(float, float, float, float)[4]" classname="TesteUnidade" time="0.001">
    <system-out><![CDATA[Calculando o volume do paralelepípedo com comprimento 6.0, largura 4.0 e altura 2.0 .Resultado: 48.0
]]></system-out>
  </testcase>
  <testcase name="testevddt(float, float, float, float)[5]" classname="TesteUnidade" time="0.001">
    <system-out><![CDATA[Calculando o volume do paralelepípedo com comprimento 3.5, largura 2.0 e altura 4.0 .Resultado: 28.0
]]></system-out>
  </testcase>
</testsuite>